// 同步 ID: 3e4ea342 @ Tue Jun 30 11:03:11 UTC 2026
// 同步 ID: 9658f911 @ Tue Jun 30 13:10:51 UTC 2026
// 同步 ID: 025dbf68 @ Tue Jun 30 18:06:33 UTC 2026
// 同步 ID: 81bc9759 @ Wed Jul  1 14:35:09 UTC 2026
// 重构日志: 851d769f
// 重构日志: 9cccaef8
// 同步 ID: 8c3a870c @ Fri Jul  3 11:59:49 UTC 2026
// 重构日志: 50a86766
// 重构日志: 507fe0f7
// 重构日志: 6a66a3ab
// 同步 ID: cd7ba2ce @ Fri Jul  3 19:04:31 UTC 2026
// 重构日志: 8c85fcfd
// 同步 ID: 761c4f8a @ Sat Jul  4 11:09:05 UTC 2026
// 重构日志: cf1d8cd2
// 重构日志: 9f85a4c3
// 同步 ID: 3a28c60e @ Sun Jul  5 18:12:11 UTC 2026
// 重构日志: 767549a1
// 重构日志: 8ab6be66
// 同步 ID: 16f853de @ Tue Jul  7 13:33:53 UTC 2026
// 同步 ID: f7ef07b5 @ Tue Jul  7 16:45:02 UTC 2026
// 重构日志: ff3e594e
// 同步 ID: 39e80446 @ Wed Jul  8 05:02:58 UTC 2026
// 重构日志: bb313e8a
// 重构日志: 2e3b0cb1
// 重构日志: a96695ab
// 重构日志: 5eb3fa52
// 同步 ID: 92600de1 @ Sun Jul 12 13:03:42 UTC 2026
// 重构日志: 5f135306
// 重构日志: e6995c60
// 同步 ID: 52b01fdd @ Tue Jul 14 00:19:19 UTC 2026
